;  LST file generated by mikroListExporter - v.2.0 
; Date/Time: 05/11/2018 10:09:19 PM
;----------------------------------------------

;Address Opcode 	ASM
0x0000	0x2ACD      	GOTO       717
_Delay_50us:
;__Lib_Delays.c,19 :: 		void Delay_50us() {
;__Lib_Delays.c,20 :: 		Delay_us(50);
0x0003	0x3053      	MOVLW      83
0x0004	0x1283      	BCF        STATUS, 5
0x0005	0x1303      	BCF        STATUS, 6
0x0006	0x00FD      	MOVWF      R13
L_Delay_50us2:
0x0007	0x0BFD      	DECFSZ     R13, 1
0x0008	0x2807      	GOTO       L_Delay_50us2
;__Lib_Delays.c,21 :: 		}
L_end_Delay_50us:
0x0009	0x0008      	RETURN
; end of _Delay_50us
_Delay_5500us:
;__Lib_Delays.c,31 :: 		void Delay_5500us() {
;__Lib_Delays.c,32 :: 		Delay_us(5500);
0x000A	0x3024      	MOVLW      36
0x000B	0x1283      	BCF        STATUS, 5
0x000C	0x1303      	BCF        STATUS, 6
0x000D	0x00FC      	MOVWF      R12
0x000E	0x30B5      	MOVLW      181
0x000F	0x00FD      	MOVWF      R13
L_Delay_5500us5:
0x0010	0x0BFD      	DECFSZ     R13, 1
0x0011	0x2810      	GOTO       L_Delay_5500us5
0x0012	0x0BFC      	DECFSZ     R12, 1
0x0013	0x2810      	GOTO       L_Delay_5500us5
0x0014	0x0000      	NOP
0x0015	0x0000      	NOP
;__Lib_Delays.c,33 :: 		}
L_end_Delay_5500us:
0x0016	0x0008      	RETURN
; end of _Delay_5500us
_Delay_1us:
;__Lib_Delays.c,7 :: 		void Delay_1us() {
;__Lib_Delays.c,8 :: 		Delay_us(1);
0x0017	0x0000      	NOP
0x0018	0x0000      	NOP
0x0019	0x0000      	NOP
0x001A	0x0000      	NOP
0x001B	0x0000      	NOP
;__Lib_Delays.c,9 :: 		}
L_end_Delay_1us:
0x001C	0x0008      	RETURN
; end of _Delay_1us
_Lcd_Cmd:
;__Lib_Lcd.c,18 :: 		
;__Lib_Lcd.c,20 :: 		
0x001D	0x1283      	BCF        STATUS, 5
0x001E	0x1303      	BCF        STATUS, 6
0x001F	0x1BDC      	BTFSC      FARG_Lcd_Cmd_out_char, 7
0x0020	0x2823      	GOTO       L__Lcd_Cmd21
0x0021	0x1386      	BCF        LCD_D7, BitPos(LCD_D7+0)
0x0022	0x2824      	GOTO       L__Lcd_Cmd22
L__Lcd_Cmd21:
0x0023	0x1786      	BSF        LCD_D7, BitPos(LCD_D7+0)
L__Lcd_Cmd22:
;__Lib_Lcd.c,21 :: 		
0x0024	0x1B5C      	BTFSC      FARG_Lcd_Cmd_out_char, 6
0x0025	0x2828      	GOTO       L__Lcd_Cmd23
0x0026	0x1306      	BCF        LCD_D6, BitPos(LCD_D6+0)
0x0027	0x2829      	GOTO       L__Lcd_Cmd24
L__Lcd_Cmd23:
0x0028	0x1706      	BSF        LCD_D6, BitPos(LCD_D6+0)
L__Lcd_Cmd24:
;__Lib_Lcd.c,22 :: 		
0x0029	0x1ADC      	BTFSC      FARG_Lcd_Cmd_out_char, 5
0x002A	0x282D      	GOTO       L__Lcd_Cmd25
0x002B	0x1286      	BCF        LCD_D5, BitPos(LCD_D5+0)
0x002C	0x282E      	GOTO       L__Lcd_Cmd26
L__Lcd_Cmd25:
0x002D	0x1686      	BSF        LCD_D5, BitPos(LCD_D5+0)
L__Lcd_Cmd26:
;__Lib_Lcd.c,23 :: 		
0x002E	0x1A5C      	BTFSC      FARG_Lcd_Cmd_out_char, 4
0x002F	0x2832      	GOTO       L__Lcd_Cmd27
0x0030	0x1206      	BCF        LCD_D4, BitPos(LCD_D4+0)
0x0031	0x2833      	GOTO       L__Lcd_Cmd28
L__Lcd_Cmd27:
0x0032	0x1606      	BSF        LCD_D4, BitPos(LCD_D4+0)
L__Lcd_Cmd28:
;__Lib_Lcd.c,25 :: 		
0x0033	0x1828      	BTFSC      __Lib_Lcd_cmd_status, BitPos(__Lib_Lcd_cmd_status+0)
0x0034	0x2837      	GOTO       L__Lcd_Cmd29
0x0035	0x1506      	BSF        LCD_RS, BitPos(LCD_RS+0)
0x0036	0x2838      	GOTO       L__Lcd_Cmd30
L__Lcd_Cmd29:
0x0037	0x1106      	BCF        LCD_RS, BitPos(LCD_RS+0)
L__Lcd_Cmd30:
;__Lib_Lcd.c,28 :: 		
0x0038	0x1586      	BSF        LCD_EN, BitPos(LCD_EN+0)
;__Lib_Lcd.c,29 :: 		
0x0039	0x2017      	CALL       _Delay_1us
;__Lib_Lcd.c,30 :: 		
0x003A	0x1186      	BCF        LCD_EN, BitPos(LCD_EN+0)
;__Lib_Lcd.c,33 :: 		
0x003B	0x19DC      	BTFSC      FARG_Lcd_Cmd_out_char, 3
0x003C	0x283F      	GOTO       L__Lcd_Cmd31
0x003D	0x1386      	BCF        LCD_D7, BitPos(LCD_D7+0)
0x003E	0x2840      	GOTO       L__Lcd_Cmd32
L__Lcd_Cmd31:
0x003F	0x1786      	BSF        LCD_D7, BitPos(LCD_D7+0)
L__Lcd_Cmd32:
;__Lib_Lcd.c,34 :: 		
0x0040	0x195C      	BTFSC      FARG_Lcd_Cmd_out_char, 2
0x0041	0x2844      	GOTO       L__Lcd_Cmd33
0x0042	0x1306      	BCF        LCD_D6, BitPos(LCD_D6+0)
0x0043	0x2845      	GOTO       L__Lcd_Cmd34
L__Lcd_Cmd33:
0x0044	0x1706      	BSF        LCD_D6, BitPos(LCD_D6+0)
L__Lcd_Cmd34:
;__Lib_Lcd.c,35 :: 		
0x0045	0x18DC      	BTFSC      FARG_Lcd_Cmd_out_char, 1
0x0046	0x2849      	GOTO       L__Lcd_Cmd35
0x0047	0x1286      	BCF        LCD_D5, BitPos(LCD_D5+0)
0x0048	0x284A      	GOTO       L__Lcd_Cmd36
L__Lcd_Cmd35:
0x0049	0x1686      	BSF        LCD_D5, BitPos(LCD_D5+0)
L__Lcd_Cmd36:
;__Lib_Lcd.c,36 :: 		
0x004A	0x185C      	BTFSC      FARG_Lcd_Cmd_out_char, 0
0x004B	0x284E      	GOTO       L__Lcd_Cmd37
0x004C	0x1206      	BCF        LCD_D4, BitPos(LCD_D4+0)
0x004D	0x284F      	GOTO       L__Lcd_Cmd38
L__Lcd_Cmd37:
0x004E	0x1606      	BSF        LCD_D4, BitPos(LCD_D4+0)
L__Lcd_Cmd38:
;__Lib_Lcd.c,38 :: 		
0x004F	0x1828      	BTFSC      __Lib_Lcd_cmd_status, BitPos(__Lib_Lcd_cmd_status+0)
0x0050	0x2853      	GOTO       L__Lcd_Cmd39
0x0051	0x1506      	BSF        LCD_RS, BitPos(LCD_RS+0)
0x0052	0x2854      	GOTO       L__Lcd_Cmd40
L__Lcd_Cmd39:
0x0053	0x1106      	BCF        LCD_RS, BitPos(LCD_RS+0)
L__Lcd_Cmd40:
;__Lib_Lcd.c,40 :: 		
0x0054	0x1586      	BSF        LCD_EN, BitPos(LCD_EN+0)
;__Lib_Lcd.c,41 :: 		
0x0055	0x2017      	CALL       _Delay_1us
;__Lib_Lcd.c,42 :: 		
0x0056	0x1186      	BCF        LCD_EN, BitPos(LCD_EN+0)
;__Lib_Lcd.c,44 :: 		
0x0057	0x1C28      	BTFSS      __Lib_Lcd_cmd_status, BitPos(__Lib_Lcd_cmd_status+0)
0x0058	0x285B      	GOTO       L_Lcd_Cmd0
;__Lib_Lcd.c,45 :: 		
0x0059	0x200A      	CALL       _Delay_5500us
0x005A	0x285C      	GOTO       L_Lcd_Cmd1
L_Lcd_Cmd0:
;__Lib_Lcd.c,47 :: 		
0x005B	0x2003      	CALL       _Delay_50us
L_Lcd_Cmd1:
;__Lib_Lcd.c,48 :: 		
L_end_Lcd_Cmd:
0x005C	0x0008      	RETURN
; end of _Lcd_Cmd
_Lcd_Chr_CP:
;__Lib_Lcd.c,50 :: 		
;__Lib_Lcd.c,52 :: 		
0x005D	0x1283      	BCF        STATUS, 5
0x005E	0x1303      	BCF        STATUS, 6
0x005F	0x1028      	BCF        __Lib_Lcd_cmd_status, BitPos(__Lib_Lcd_cmd_status+0)
;__Lib_Lcd.c,53 :: 		
0x0060	0x085B      	MOVF       FARG_Lcd_Chr_CP_out_char, 0
0x0061	0x00DC      	MOVWF      FARG_Lcd_Cmd_out_char
0x0062	0x201D      	CALL       _Lcd_Cmd
;__Lib_Lcd.c,54 :: 		
0x0063	0x1428      	BSF        __Lib_Lcd_cmd_status, BitPos(__Lib_Lcd_cmd_status+0)
;__Lib_Lcd.c,55 :: 		
L_end_Lcd_Chr_CP:
0x0064	0x0008      	RETURN
; end of _Lcd_Chr_CP
_Div_16x16_S_L:
;__Lib_Math.c,420 :: 		
;__Lib_Math.c,426 :: 		
0x0065	0x0D71      	RLF        R1, 0
;__Lib_Math.c,427 :: 		
0x0066	0x0DF8      	RLF        R8, 1
;__Lib_Math.c,428 :: 		
0x0067	0x0DF9      	RLF        R9, 1
;__Lib_Math.c,429 :: 		
0x0068	0x0874      	MOVF       R4, 0
;__Lib_Math.c,430 :: 		
0x0069	0x02F8      	SUBWF      R8, 1
;__Lib_Math.c,431 :: 		
0x006A	0x0875      	MOVF       R5, 0
;__Lib_Math.c,432 :: 		
0x006B	0x1C03      	BTFSS      STATUS, 0
;__Lib_Math.c,433 :: 		
0x006C	0x0F75      	INCFSZ     R5, 0
;__Lib_Math.c,434 :: 		
0x006D	0x02F9      	SUBWF      R9, 1
;__Lib_Math.c,435 :: 		
0x006E	0x0DF0      	RLF        R0, 1
;__Lib_Math.c,436 :: 		
0x006F	0x0DF1      	RLF        R1, 1
;__Lib_Math.c,438 :: 		
0x0070	0x300F      	MOVLW      15
;__Lib_Math.c,439 :: 		
0x0071	0x00FC      	MOVWF      R12
;__Lib_Math.c,441 :: 		
0x0072	0x0D71      	RLF        R1, 0
;__Lib_Math.c,442 :: 		
0x0073	0x0DF8      	RLF        R8, 1
;__Lib_Math.c,443 :: 		
0x0074	0x0DF9      	RLF        R9, 1
;__Lib_Math.c,444 :: 		
0x0075	0x0874      	MOVF       R4, 0
;__Lib_Math.c,446 :: 		
0x0076	0x1C70      	BTFSS      R0, 0
;__Lib_Math.c,447 :: 		
0x0077	0x287E      	GOTO       $+7
;__Lib_Math.c,448 :: 		
0x0078	0x02F8      	SUBWF      R8, 1
;__Lib_Math.c,449 :: 		
0x0079	0x0875      	MOVF       R5, 0
;__Lib_Math.c,450 :: 		
0x007A	0x1C03      	BTFSS      STATUS, 0
;__Lib_Math.c,451 :: 		
0x007B	0x0F75      	INCFSZ     R5, 0
;__Lib_Math.c,452 :: 		
0x007C	0x02F9      	SUBWF      R9, 1
;__Lib_Math.c,453 :: 		
0x007D	0x2883      	GOTO       $+6
;__Lib_Math.c,455 :: 		
0x007E	0x07F8      	ADDWF      R8, 1
;__Lib_Math.c,456 :: 		
0x007F	0x0875      	MOVF       R5, 0
;__Lib_Math.c,457 :: 		
0x0080	0x1803      	BTFSC      STATUS, 0
;__Lib_Math.c,458 :: 		
0x0081	0x0F75      	INCFSZ     R5, 0
;__Lib_Math.c,459 :: 		
0x0082	0x07F9      	ADDWF      R9, 1
;__Lib_Math.c,461 :: 		
0x0083	0x0DF0      	RLF        R0, 1
;__Lib_Math.c,462 :: 		
0x0084	0x0DF1      	RLF        R1, 1
;__Lib_Math.c,464 :: 		
0x0085	0x0BFC      	DECFSZ     R12, 1
;__Lib_Math.c,465 :: 		
0x0086	0x2872      	GOTO       $-20
;__Lib_Math.c,467 :: 		
0x0087	0x1870      	BTFSC      R0, 0
;__Lib_Math.c,468 :: 		
0x0088	0x288F      	GOTO       $+7
;__Lib_Math.c,469 :: 		
0x0089	0x0874      	MOVF       R4, 0
;__Lib_Math.c,470 :: 		
0x008A	0x07F8      	ADDWF      R8, 1
;__Lib_Math.c,471 :: 		
0x008B	0x0875      	MOVF       R5, 0
;__Lib_Math.c,472 :: 		
0x008C	0x1803      	BTFSC      STATUS, 0
;__Lib_Math.c,473 :: 		
0x008D	0x0F75      	INCFSZ     R5, 0
;__Lib_Math.c,474 :: 		
0x008E	0x07F9      	ADDWF      R9, 1
;__Lib_Math.c,475 :: 		
0x008F	0x0000      	NOP
;__Lib_Math.c,477 :: 		
L_end_Div_16x16_S_L:
0x0090	0x0008      	RETURN
; end of _Div_16x16_S_L
_Lcd_Out:
;__Lib_Lcd.c,184 :: 		
;__Lib_Lcd.c,187 :: 		
0x0091	0x28A3      	GOTO       L_Lcd_Out11
;__Lib_Lcd.c,188 :: 		
L_Lcd_Out13:
0x0092	0x3080      	MOVLW      128
0x0093	0x1283      	BCF        STATUS, 5
0x0094	0x1303      	BCF        STATUS, 6
0x0095	0x00D7      	MOVWF      FARG_Lcd_Out_row
0x0096	0x28B6      	GOTO       L_Lcd_Out12
;__Lib_Lcd.c,189 :: 		
L_Lcd_Out14:
0x0097	0x30C0      	MOVLW      192
0x0098	0x00D7      	MOVWF      FARG_Lcd_Out_row
0x0099	0x28B6      	GOTO       L_Lcd_Out12
;__Lib_Lcd.c,190 :: 		
L_Lcd_Out15:
0x009A	0x3094      	MOVLW      148
0x009B	0x00D7      	MOVWF      FARG_Lcd_Out_row
0x009C	0x28B6      	GOTO       L_Lcd_Out12
;__Lib_Lcd.c,191 :: 		
L_Lcd_Out16:
0x009D	0x30D4      	MOVLW      212
0x009E	0x00D7      	MOVWF      FARG_Lcd_Out_row
0x009F	0x28B6      	GOTO       L_Lcd_Out12
;__Lib_Lcd.c,192 :: 		
L_Lcd_Out17:
0x00A0	0x3080      	MOVLW      128
0x00A1	0x00D7      	MOVWF      FARG_Lcd_Out_row
;__Lib_Lcd.c,193 :: 		
0x00A2	0x28B6      	GOTO       L_Lcd_Out12
L_Lcd_Out11:
0x00A3	0x1283      	BCF        STATUS, 5
0x00A4	0x1303      	BCF        STATUS, 6
0x00A5	0x0857      	MOVF       FARG_Lcd_Out_row, 0
0x00A6	0x3A01      	XORLW      1
0x00A7	0x1903      	BTFSC      STATUS, 2
0x00A8	0x2892      	GOTO       L_Lcd_Out13
0x00A9	0x0857      	MOVF       FARG_Lcd_Out_row, 0
0x00AA	0x3A02      	XORLW      2
0x00AB	0x1903      	BTFSC      STATUS, 2
0x00AC	0x2897      	GOTO       L_Lcd_Out14
0x00AD	0x0857      	MOVF       FARG_Lcd_Out_row, 0
0x00AE	0x3A03      	XORLW      3
0x00AF	0x1903      	BTFSC      STATUS, 2
0x00B0	0x289A      	GOTO       L_Lcd_Out15
0x00B1	0x0857      	MOVF       FARG_Lcd_Out_row, 0
0x00B2	0x3A04      	XORLW      4
0x00B3	0x1903      	BTFSC      STATUS, 2
0x00B4	0x289D      	GOTO       L_Lcd_Out16
0x00B5	0x28A0      	GOTO       L_Lcd_Out17
L_Lcd_Out12:
;__Lib_Lcd.c,194 :: 		
0x00B6	0x0358      	DECF       FARG_Lcd_Out_column, 0
0x00B7	0x00F0      	MOVWF      R0
0x00B8	0x0857      	MOVF       FARG_Lcd_Out_row, 0
0x00B9	0x07F0      	ADDWF      R0, 1
0x00BA	0x0870      	MOVF       R0, 0
0x00BB	0x00D7      	MOVWF      FARG_Lcd_Out_row
;__Lib_Lcd.c,196 :: 		
0x00BC	0x0870      	MOVF       R0, 0
0x00BD	0x00DC      	MOVWF      FARG_Lcd_Cmd_out_char
0x00BE	0x201D      	CALL       _Lcd_Cmd
;__Lib_Lcd.c,197 :: 		
0x00BF	0x1028      	BCF        __Lib_Lcd_cmd_status, BitPos(__Lib_Lcd_cmd_status+0)
;__Lib_Lcd.c,198 :: 		
0x00C0	0x01DA      	CLRF       Lcd_Out_i_L0
;__Lib_Lcd.c,199 :: 		
L_Lcd_Out18:
0x00C1	0x085A      	MOVF       Lcd_Out_i_L0, 0
0x00C2	0x0759      	ADDWF      FARG_Lcd_Out_text, 0
0x00C3	0x0084      	MOVWF      FSR
0x00C4	0x0800      	MOVF       INDF, 0
0x00C5	0x1903      	BTFSC      STATUS, 2
0x00C6	0x28CF      	GOTO       L_Lcd_Out19
;__Lib_Lcd.c,200 :: 		
0x00C7	0x085A      	MOVF       Lcd_Out_i_L0, 0
0x00C8	0x0759      	ADDWF      FARG_Lcd_Out_text, 0
0x00C9	0x0084      	MOVWF      FSR
0x00CA	0x0800      	MOVF       INDF, 0
0x00CB	0x00DB      	MOVWF      FARG_Lcd_Chr_CP_out_char
0x00CC	0x205D      	CALL       _Lcd_Chr_CP
0x00CD	0x0ADA      	INCF       Lcd_Out_i_L0, 1
0x00CE	0x28C1      	GOTO       L_Lcd_Out18
L_Lcd_Out19:
;__Lib_Lcd.c,201 :: 		
0x00CF	0x1428      	BSF        __Lib_Lcd_cmd_status, BitPos(__Lib_Lcd_cmd_status+0)
;__Lib_Lcd.c,202 :: 		
L_end_Lcd_Out:
0x00D0	0x0008      	RETURN
; end of _Lcd_Out
_Div_16x16_S:
;__Lib_Math.c,479 :: 		
;__Lib_Math.c,487 :: 		
0x00D1	0x1283      	BCF        STATUS, 5
0x00D2	0x1303      	BCF        STATUS, 6
0x00D3	0x0874      	MOVF       R4, 0
0x00D4	0x3A00      	XORLW      0
0x00D5	0x1D03      	BTFSS      STATUS, 2
0x00D6	0x28E0      	GOTO       L_Div_16x16_S0
;__Lib_Math.c,488 :: 		
0x00D7	0x0875      	MOVF       R5, 0
0x00D8	0x3A00      	XORLW      0
0x00D9	0x1D03      	BTFSS      STATUS, 2
0x00DA	0x28E0      	GOTO       L_Div_16x16_S1
;__Lib_Math.c,489 :: 		
0x00DB	0x30FF      	MOVLW      255
0x00DC	0x00F0      	MOVWF      R0
;__Lib_Math.c,490 :: 		
0x00DD	0x307F      	MOVLW      127
0x00DE	0x00F1      	MOVWF      R1
;__Lib_Math.c,491 :: 		
0x00DF	0x2939      	GOTO       L_end_Div_16x16_S
;__Lib_Math.c,492 :: 		
L_Div_16x16_S1:
L_Div_16x16_S0:
;__Lib_Math.c,495 :: 		
0x00E0	0x1283      	BCF        STATUS, 5
;__Lib_Math.c,496 :: 		
0x00E1	0x1303      	BCF        STATUS, 6
;__Lib_Math.c,497 :: 		
0x00E2	0x01FD      	CLRF       R13
;__Lib_Math.c,498 :: 		
0x00E3	0x01F9      	CLRF       R9
;__Lib_Math.c,499 :: 		
0x00E4	0x01F8      	CLRF       R8
;__Lib_Math.c,500 :: 		
0x00E5	0x0871      	MOVF       R1, 0
;__Lib_Math.c,501 :: 		
0x00E6	0x0470      	IORWF      R0, 0
;__Lib_Math.c,502 :: 		
0x00E7	0x1903      	BTFSC      STATUS, 2
;__Lib_Math.c,503 :: 		
0x00E8	0x3400      	RETLW      0
;__Lib_Math.c,505 :: 		
0x00E9	0x0871      	MOVF       R1, 0
;__Lib_Math.c,506 :: 		
0x00EA	0x0675      	XORWF      R5, 0
;__Lib_Math.c,507 :: 		
0x00EB	0x00FA      	MOVWF      R10
;__Lib_Math.c,508 :: 		
0x00EC	0x1BFA      	BTFSC      R10, 7
;__Lib_Math.c,509 :: 		
0x00ED	0x09FD      	COMF       R13, 1
;__Lib_Math.c,511 :: 		
0x00EE	0x01FB      	CLRF       R11
;__Lib_Math.c,513 :: 		
0x00EF	0x1FF5      	BTFSS      R5, 7
;__Lib_Math.c,514 :: 		
0x00F0	0x28F6      	GOTO       $+6
;__Lib_Math.c,516 :: 		
0x00F1	0x09F4      	COMF       R4, 1
;__Lib_Math.c,517 :: 		
0x00F2	0x09F5      	COMF       R5, 1
;__Lib_Math.c,518 :: 		
0x00F3	0x0AF4      	INCF       R4, 1
;__Lib_Math.c,519 :: 		
0x00F4	0x1903      	BTFSC      STATUS, 2
;__Lib_Math.c,520 :: 		
0x00F5	0x0AF5      	INCF       R5, 1
;__Lib_Math.c,522 :: 		
0x00F6	0x1FF1      	BTFSS      R1, 7
;__Lib_Math.c,523 :: 		
0x00F7	0x28FD      	GOTO       $+6
;__Lib_Math.c,525 :: 		
0x00F8	0x09F0      	COMF       R0, 1
;__Lib_Math.c,526 :: 		
0x00F9	0x09F1      	COMF       R1, 1
;__Lib_Math.c,527 :: 		
0x00FA	0x0AF0      	INCF       R0, 1
;__Lib_Math.c,528 :: 		
0x00FB	0x1903      	BTFSC      STATUS, 2
;__Lib_Math.c,529 :: 		
0x00FC	0x0AF1      	INCF       R1, 1
;__Lib_Math.c,531 :: 		
0x00FD	0x0871      	MOVF       R1, 0
;__Lib_Math.c,532 :: 		
0x00FE	0x0475      	IORWF      R5, 0
;__Lib_Math.c,533 :: 		
0x00FF	0x00FA      	MOVWF      R10
;__Lib_Math.c,534 :: 		
0x0100	0x1BFA      	BTFSC      R10, 7
;__Lib_Math.c,535 :: 		
0x0101	0x2912      	GOTO       $+17
;__Lib_Math.c,537 :: 		
0x0102	0x2065      	CALL       _Div_16x16_S_L
;__Lib_Math.c,539 :: 		
0x0103	0x187B      	BTFSC      R11, 0
;__Lib_Math.c,540 :: 		
0x0104	0x2925      	GOTO       $+33
;__Lib_Math.c,542 :: 		
0x0105	0x1FFD      	BTFSS      R13, 7
;__Lib_Math.c,543 :: 		
0x0106	0x3400      	RETLW      0
;__Lib_Math.c,545 :: 		
0x0107	0x09F0      	COMF       R0, 1
;__Lib_Math.c,546 :: 		
0x0108	0x09F1      	COMF       R1, 1
;__Lib_Math.c,547 :: 		
0x0109	0x0AF0      	INCF       R0, 1
;__Lib_Math.c,548 :: 		
0x010A	0x1903      	BTFSC      STATUS, 2
;__Lib_Math.c,549 :: 		
0x010B	0x0AF1      	INCF       R1, 1
;__Lib_Math.c,551 :: 		
0x010C	0x09F8      	COMF       R8, 1
;__Lib_Math.c,552 :: 		
0x010D	0x09F9      	COMF       R9, 1
;__Lib_Math.c,553 :: 		
0x010E	0x0AF8      	INCF       R8, 1
;__Lib_Math.c,554 :: 		
0x010F	0x1903      	BTFSC      STATUS, 2
;__Lib_Math.c,555 :: 		
0x0110	0x0AF9      	INCF       R9, 1
;__Lib_Math.c,557 :: 		
0x0111	0x3400      	RETLW      0
;__Lib_Math.c,559 :: 		
0x0112	0x1FF5      	BTFSS      R5, 7
;__Lib_Math.c,560 :: 		
0x0113	0x2921      	GOTO       $+14
;__Lib_Math.c,561 :: 		
0x0114	0x1BF1      	BTFSC      R1, 7
;__Lib_Math.c,562 :: 		
0x0115	0x291D      	GOTO       $+8
;__Lib_Math.c,563 :: 		
0x0116	0x0871      	MOVF       R1, 0
;__Lib_Math.c,564 :: 		
0x0117	0x00F9      	MOVWF      R9
;__Lib_Math.c,565 :: 		
0x0118	0x0870      	MOVF       R0, 0
;__Lib_Math.c,566 :: 		
0x0119	0x00F8      	MOVWF      R8
;__Lib_Math.c,567 :: 		
0x011A	0x01F1      	CLRF       R1
;__Lib_Math.c,568 :: 		
0x011B	0x01F0      	CLRF       R0
;__Lib_Math.c,569 :: 		
0x011C	0x2905      	GOTO       $-23
;__Lib_Math.c,570 :: 		
0x011D	0x01F1      	CLRF       R1
;__Lib_Math.c,571 :: 		
0x011E	0x01F0      	CLRF       R0
;__Lib_Math.c,572 :: 		
0x011F	0x0AF0      	INCF       R0, 1
;__Lib_Math.c,573 :: 		
0x0120	0x3400      	RETLW      0
;__Lib_Math.c,575 :: 		
0x0121	0x09F1      	COMF       R1, 1
;__Lib_Math.c,576 :: 		
0x0122	0x09F0      	COMF       R0, 1
;__Lib_Math.c,577 :: 		
0x0123	0x0AFB      	INCF       R11, 1
;__Lib_Math.c,578 :: 		
0x0124	0x2902      	GOTO       $-34
;__Lib_Math.c,580 :: 		
0x0125	0x0AF8      	INCF       R8, 1
;__Lib_Math.c,581 :: 		
0x0126	0x1903      	BTFSC      STATUS, 2
;__Lib_Math.c,582 :: 		
0x0127	0x0AF9      	INCF       R9, 1
;__Lib_Math.c,583 :: 		
0x0128	0x0874      	MOVF       R4, 0
;__Lib_Math.c,584 :: 		
0x0129	0x0278      	SUBWF      R8, 0
;__Lib_Math.c,585 :: 		
0x012A	0x1D03      	BTFSS      STATUS, 2
;__Lib_Math.c,586 :: 		
0x012B	0x2905      	GOTO       $-38
;__Lib_Math.c,587 :: 		
0x012C	0x0875      	MOVF       R5, 0
;__Lib_Math.c,588 :: 		
0x012D	0x0279      	SUBWF      R9, 0
;__Lib_Math.c,589 :: 		
0x012E	0x1D03      	BTFSS      STATUS, 2
;__Lib_Math.c,590 :: 		
0x012F	0x2905      	GOTO       $-42
;__Lib_Math.c,591 :: 		
0x0130	0x01F9      	CLRF       R9
;__Lib_Math.c,592 :: 		
0x0131	0x01F8      	CLRF       R8
;__Lib_Math.c,593 :: 		
0x0132	0x0AF0      	INCF       R0, 1
;__Lib_Math.c,594 :: 		
0x0133	0x1903      	BTFSC      STATUS, 2
;__Lib_Math.c,595 :: 		
0x0134	0x0AF1      	INCF       R1, 1
;__Lib_Math.c,596 :: 		
0x0135	0x1FF1      	BTFSS      R1, 7
;__Lib_Math.c,597 :: 		
0x0136	0x2905      	GOTO       $-49
;__Lib_Math.c,598 :: 		
0x0137	0x0000      	NOP
;__Lib_Math.c,599 :: 		
0x0138	0x34FF      	RETLW      255
;__Lib_Math.c,601 :: 		
L_end_Div_16x16_S:
0x0139	0x0008      	RETURN
; end of _Div_16x16_S
_____DoICP:
;__Lib_System.c,6 :: 		
;__Lib_System.c,9 :: 		
0x013A	0x1283      	BCF        STATUS, 5
0x013B	0x1303      	BCF        STATUS, 6
0x013C	0x082A      	MOVF       ___DoICPAddr+1, 0
0x013D	0x008A      	MOVWF      PCLATH
;__Lib_System.c,10 :: 		
0x013E	0x0829      	MOVF       ___DoICPAddr, 0
0x013F	0x0082      	MOVWF      PCL
;__Lib_System.c,12 :: 		
L_end_____DoICP:
0x0140	0x0008      	RETURN
; end of _____DoICP
_RelayController:
;Dual_Control_Home_Automation.c,68 :: 		void RelayController(int pinIndex, char* OutletStatus, int isFromSerial)
;Dual_Control_Home_Automation.c,70 :: 		if((PORTA >> pinIndex == 1 && pinIndex < 6) || isFromSerial)
0x0141	0x1283      	BCF        STATUS, 5
0x0142	0x1303      	BCF        STATUS, 6
0x0143	0x084E      	MOVF       FARG_RelayController_pinIndex, 0
0x0144	0x00F0      	MOVWF      R0
0x0145	0x0805      	MOVF       PORTA, 0
0x0146	0x00F1      	MOVWF      R1
0x0147	0x0870      	MOVF       R0, 0
L__RelayController44:
0x0148	0x1903      	BTFSC      STATUS, 2
0x0149	0x294E      	GOTO       L__RelayController45
0x014A	0x0CF1      	RRF        R1, 1
0x014B	0x13F1      	BCF        R1, 7
0x014C	0x3EFF      	ADDLW      255
0x014D	0x2948      	GOTO       L__RelayController44
L__RelayController45:
0x014E	0x0871      	MOVF       R1, 0
0x014F	0x3A01      	XORLW      1
0x0150	0x1D03      	BTFSS      STATUS, 2
0x0151	0x295E      	GOTO       L__RelayController37
0x0152	0x3080      	MOVLW      128
0x0153	0x064F      	XORWF      FARG_RelayController_pinIndex+1, 0
0x0154	0x00F0      	MOVWF      R0
0x0155	0x3080      	MOVLW      128
0x0156	0x0270      	SUBWF      R0, 0
0x0157	0x1D03      	BTFSS      STATUS, 2
0x0158	0x295B      	GOTO       L__RelayController46
0x0159	0x3006      	MOVLW      6
0x015A	0x024E      	SUBWF      FARG_RelayController_pinIndex, 0
L__RelayController46:
0x015B	0x1803      	BTFSC      STATUS, 0
0x015C	0x295E      	GOTO       L__RelayController37
0x015D	0x2963      	GOTO       L__RelayController36
L__RelayController37:
0x015E	0x0851      	MOVF       FARG_RelayController_isFromSerial, 0
0x015F	0x0452      	IORWF      FARG_RelayController_isFromSerial+1, 0
0x0160	0x1D03      	BTFSS      STATUS, 2
0x0161	0x2963      	GOTO       L__RelayController36
0x0162	0x29C8      	GOTO       L_RelayController18
L__RelayController36:
;Dual_Control_Home_Automation.c,72 :: 		Lcd_Out((pinIndex%4 + 1), 9 + ((pinIndex > 3)? 11 : 0), !OutletStatus[pinIndex]? "1" : "0");
0x0163	0x3004      	MOVLW      4
0x0164	0x00F4      	MOVWF      R4
0x0165	0x3000      	MOVLW      0
0x0166	0x00F5      	MOVWF      R4+1
0x0167	0x084E      	MOVF       FARG_RelayController_pinIndex, 0
0x0168	0x00F0      	MOVWF      R0
0x0169	0x084F      	MOVF       FARG_RelayController_pinIndex+1, 0
0x016A	0x00F1      	MOVWF      R0+1
0x016B	0x20D1      	CALL       _Div_16x16_S
0x016C	0x0878      	MOVF       R8, 0
0x016D	0x00F0      	MOVWF      R0
0x016E	0x0879      	MOVF       R8+1, 0
0x016F	0x00F1      	MOVWF      R0+1
0x0170	0x0A70      	INCF       R0, 0
0x0171	0x00D7      	MOVWF      FARG_Lcd_Out_row
0x0172	0x3080      	MOVLW      128
0x0173	0x00F0      	MOVWF      R0
0x0174	0x3080      	MOVLW      128
0x0175	0x064F      	XORWF      FARG_RelayController_pinIndex+1, 0
0x0176	0x0270      	SUBWF      R0, 0
0x0177	0x1D03      	BTFSS      STATUS, 2
0x0178	0x297B      	GOTO       L__RelayController47
0x0179	0x084E      	MOVF       FARG_RelayController_pinIndex, 0
0x017A	0x3C03      	SUBLW      3
L__RelayController47:
0x017B	0x1803      	BTFSC      STATUS, 0
0x017C	0x2980      	GOTO       L_RelayController19
0x017D	0x300B      	MOVLW      11
0x017E	0x00D3      	MOVWF      ?FLOC___RelayControllerT24
0x017F	0x2981      	GOTO       L_RelayController20
L_RelayController19:
0x0180	0x01D3      	CLRF       ?FLOC___RelayControllerT24
L_RelayController20:
0x0181	0x0853      	MOVF       ?FLOC___RelayControllerT24, 0
0x0182	0x3E09      	ADDLW      9
0x0183	0x00D8      	MOVWF      FARG_Lcd_Out_column
0x0184	0x084E      	MOVF       FARG_RelayController_pinIndex, 0
0x0185	0x0750      	ADDWF      FARG_RelayController_OutletStatus, 0
0x0186	0x0084      	MOVWF      FSR
0x0187	0x0800      	MOVF       INDF, 0
0x0188	0x00F0      	MOVWF      R0
0x0189	0x0870      	MOVF       R0, 0
0x018A	0x1D03      	BTFSS      STATUS, 2
0x018B	0x298F      	GOTO       L_RelayController21
0x018C	0x3024      	MOVLW      ?lstr1_Dual_Control_Home_Automation
0x018D	0x00D4      	MOVWF      ?FLOC___RelayControllerT31
0x018E	0x2991      	GOTO       L_RelayController22
L_RelayController21:
0x018F	0x3026      	MOVLW      ?lstr2_Dual_Control_Home_Automation
0x0190	0x00D4      	MOVWF      ?FLOC___RelayControllerT31
L_RelayController22:
0x0191	0x0854      	MOVF       ?FLOC___RelayControllerT31, 0
0x0192	0x00D9      	MOVWF      FARG_Lcd_Out_text
0x0193	0x2091      	CALL       _Lcd_Out
;Dual_Control_Home_Automation.c,73 :: 		OutletStatus[pinIndex] = (OutletStatus[pinIndex] + 1)%2;
0x0194	0x084E      	MOVF       FARG_RelayController_pinIndex, 0
0x0195	0x0750      	ADDWF      FARG_RelayController_OutletStatus, 0
0x0196	0x00D6      	MOVWF      FLOC__RelayController
0x0197	0x0856      	MOVF       FLOC__RelayController, 0
0x0198	0x0084      	MOVWF      FSR
0x0199	0x0800      	MOVF       INDF, 0
0x019A	0x3E01      	ADDLW      1
0x019B	0x00F0      	MOVWF      R0
0x019C	0x01F1      	CLRF       R0+1
0x019D	0x1803      	BTFSC      STATUS, 0
0x019E	0x0AF1      	INCF       R0+1, 1
0x019F	0x3002      	MOVLW      2
0x01A0	0x00F4      	MOVWF      R4
0x01A1	0x3000      	MOVLW      0
0x01A2	0x00F5      	MOVWF      R4+1
0x01A3	0x20D1      	CALL       _Div_16x16_S
0x01A4	0x0878      	MOVF       R8, 0
0x01A5	0x00F0      	MOVWF      R0
0x01A6	0x0879      	MOVF       R8+1, 0
0x01A7	0x00F1      	MOVWF      R0+1
0x01A8	0x0856      	MOVF       FLOC__RelayController, 0
0x01A9	0x0084      	MOVWF      FSR
0x01AA	0x0870      	MOVF       R0, 0
0x01AB	0x0080      	MOVWF      INDF
;Dual_Control_Home_Automation.c,74 :: 		PORTD ^= 1 << pinIndex;
0x01AC	0x084E      	MOVF       FARG_RelayController_pinIndex, 0
0x01AD	0x00F1      	MOVWF      R1
0x01AE	0x3001      	MOVLW      1
0x01AF	0x00F0      	MOVWF      R0
0x01B0	0x0871      	MOVF       R1, 0
L__RelayController48:
0x01B1	0x1903      	BTFSC      STATUS, 2
0x01B2	0x29B7      	GOTO       L__RelayController49
0x01B3	0x0DF0      	RLF        R0, 1
0x01B4	0x1070      	BCF        R0, 0
0x01B5	0x3EFF      	ADDLW      255
0x01B6	0x29B1      	GOTO       L__RelayController48
L__RelayController49:
0x01B7	0x0870      	MOVF       R0, 0
0x01B8	0x0688      	XORWF      PORTD, 1
;Dual_Control_Home_Automation.c,75 :: 		Delay_ms(250);
0x01B9	0x3007      	MOVLW      7
0x01BA	0x00FB      	MOVWF      R11
0x01BB	0x3058      	MOVLW      88
0x01BC	0x00FC      	MOVWF      R12
0x01BD	0x3059      	MOVLW      89
0x01BE	0x00FD      	MOVWF      R13
L_RelayController23:
0x01BF	0x0BFD      	DECFSZ     R13, 1
0x01C0	0x29BF      	GOTO       L_RelayController23
0x01C1	0x0BFC      	DECFSZ     R12, 1
0x01C2	0x29BF      	GOTO       L_RelayController23
0x01C3	0x0BFB      	DECFSZ     R11, 1
0x01C4	0x29BF      	GOTO       L_RelayController23
0x01C5	0x0000      	NOP
0x01C6	0x0000      	NOP
;Dual_Control_Home_Automation.c,76 :: 		}
0x01C7	0x2A42      	GOTO       L_RelayController24
L_RelayController18:
;Dual_Control_Home_Automation.c,77 :: 		else if((PORTE >> (pinIndex - 6) == 1 && pinIndex > 5) || isFromSerial)
0x01C8	0x3006      	MOVLW      6
0x01C9	0x024E      	SUBWF      FARG_RelayController_pinIndex, 0
0x01CA	0x00F0      	MOVWF      R0
0x01CB	0x3000      	MOVLW      0
0x01CC	0x1C03      	BTFSS      STATUS, 0
0x01CD	0x3E01      	ADDLW      1
0x01CE	0x024F      	SUBWF      FARG_RelayController_pinIndex+1, 0
0x01CF	0x00F1      	MOVWF      R0+1
0x01D0	0x0809      	MOVF       PORTE, 0
0x01D1	0x00F1      	MOVWF      R1
0x01D2	0x0870      	MOVF       R0, 0
L__RelayController50:
0x01D3	0x1903      	BTFSC      STATUS, 2
0x01D4	0x29D9      	GOTO       L__RelayController51
0x01D5	0x0CF1      	RRF        R1, 1
0x01D6	0x13F1      	BCF        R1, 7
0x01D7	0x3EFF      	ADDLW      255
0x01D8	0x29D3      	GOTO       L__RelayController50
L__RelayController51:
0x01D9	0x0871      	MOVF       R1, 0
0x01DA	0x3A01      	XORLW      1
0x01DB	0x1D03      	BTFSS      STATUS, 2
0x01DC	0x29E9      	GOTO       L__RelayController35
0x01DD	0x3080      	MOVLW      128
0x01DE	0x00F0      	MOVWF      R0
0x01DF	0x3080      	MOVLW      128
0x01E0	0x064F      	XORWF      FARG_RelayController_pinIndex+1, 0
0x01E1	0x0270      	SUBWF      R0, 0
0x01E2	0x1D03      	BTFSS      STATUS, 2
0x01E3	0x29E6      	GOTO       L__RelayController52
0x01E4	0x084E      	MOVF       FARG_RelayController_pinIndex, 0
0x01E5	0x3C05      	SUBLW      5
L__RelayController52:
0x01E6	0x1803      	BTFSC      STATUS, 0
0x01E7	0x29E9      	GOTO       L__RelayController35
0x01E8	0x29EE      	GOTO       L__RelayController34
L__RelayController35:
0x01E9	0x0851      	MOVF       FARG_RelayController_isFromSerial, 0
0x01EA	0x0452      	IORWF      FARG_RelayController_isFromSerial+1, 0
0x01EB	0x1D03      	BTFSS      STATUS, 2
0x01EC	0x29EE      	GOTO       L__RelayController34
0x01ED	0x2A42      	GOTO       L_RelayController29
L__RelayController34:
;Dual_Control_Home_Automation.c,79 :: 		Lcd_Out((pinIndex%4 + 1), 20, !OutletStatus[pinIndex]? "1" : "0");
0x01EE	0x3004      	MOVLW      4
0x01EF	0x00F4      	MOVWF      R4
0x01F0	0x3000      	MOVLW      0
0x01F1	0x00F5      	MOVWF      R4+1
0x01F2	0x084E      	MOVF       FARG_RelayController_pinIndex, 0
0x01F3	0x00F0      	MOVWF      R0
0x01F4	0x084F      	MOVF       FARG_RelayController_pinIndex+1, 0
0x01F5	0x00F1      	MOVWF      R0+1
0x01F6	0x20D1      	CALL       _Div_16x16_S
0x01F7	0x0878      	MOVF       R8, 0
0x01F8	0x00F0      	MOVWF      R0
0x01F9	0x0879      	MOVF       R8+1, 0
0x01FA	0x00F1      	MOVWF      R0+1
0x01FB	0x0A70      	INCF       R0, 0
0x01FC	0x00D7      	MOVWF      FARG_Lcd_Out_row
0x01FD	0x3014      	MOVLW      20
0x01FE	0x00D8      	MOVWF      FARG_Lcd_Out_column
0x01FF	0x084E      	MOVF       FARG_RelayController_pinIndex, 0
0x0200	0x0750      	ADDWF      FARG_RelayController_OutletStatus, 0
0x0201	0x0084      	MOVWF      FSR
0x0202	0x0800      	MOVF       INDF, 0
0x0203	0x00F0      	MOVWF      R0
0x0204	0x0870      	MOVF       R0, 0
0x0205	0x1D03      	BTFSS      STATUS, 2
0x0206	0x2A0A      	GOTO       L_RelayController30
0x0207	0x3020      	MOVLW      ?lstr3_Dual_Control_Home_Automation
0x0208	0x00D5      	MOVWF      ?FLOC___RelayControllerT55
0x0209	0x2A0C      	GOTO       L_RelayController31
L_RelayController30:
0x020A	0x3022      	MOVLW      ?lstr4_Dual_Control_Home_Automation
0x020B	0x00D5      	MOVWF      ?FLOC___RelayControllerT55
L_RelayController31:
0x020C	0x0855      	MOVF       ?FLOC___RelayControllerT55, 0
0x020D	0x00D9      	MOVWF      FARG_Lcd_Out_text
0x020E	0x2091      	CALL       _Lcd_Out
;Dual_Control_Home_Automation.c,80 :: 		OutletStatus[pinIndex] = (OutletStatus[pinIndex] + 1)%2;
0x020F	0x084E      	MOVF       FARG_RelayController_pinIndex, 0
0x0210	0x0750      	ADDWF      FARG_RelayController_OutletStatus, 0
0x0211	0x00D6      	MOVWF      FLOC__RelayController
0x0212	0x0856      	MOVF       FLOC__RelayController, 0
0x0213	0x0084      	MOVWF      FSR
0x0214	0x0800      	MOVF       INDF, 0
0x0215	0x3E01      	ADDLW      1
0x0216	0x00F0      	MOVWF      R0
0x0217	0x01F1      	CLRF       R0+1
0x0218	0x1803      	BTFSC      STATUS, 0
0x0219	0x0AF1      	INCF       R0+1, 1
0x021A	0x3002      	MOVLW      2
0x021B	0x00F4      	MOVWF      R4
0x021C	0x3000      	MOVLW      0
0x021D	0x00F5      	MOVWF      R4+1
0x021E	0x20D1      	CALL       _Div_16x16_S
0x021F	0x0878      	MOVF       R8, 0
0x0220	0x00F0      	MOVWF      R0
0x0221	0x0879      	MOVF       R8+1, 0
0x0222	0x00F1      	MOVWF      R0+1
0x0223	0x0856      	MOVF       FLOC__RelayController, 0
0x0224	0x0084      	MOVWF      FSR
0x0225	0x0870      	MOVF       R0, 0
0x0226	0x0080      	MOVWF      INDF
;Dual_Control_Home_Automation.c,81 :: 		PORTD ^= 1 << pinIndex;
0x0227	0x084E      	MOVF       FARG_RelayController_pinIndex, 0
0x0228	0x00F1      	MOVWF      R1
0x0229	0x3001      	MOVLW      1
0x022A	0x00F0      	MOVWF      R0
0x022B	0x0871      	MOVF       R1, 0
L__RelayController53:
0x022C	0x1903      	BTFSC      STATUS, 2
0x022D	0x2A32      	GOTO       L__RelayController54
0x022E	0x0DF0      	RLF        R0, 1
0x022F	0x1070      	BCF        R0, 0
0x0230	0x3EFF      	ADDLW      255
0x0231	0x2A2C      	GOTO       L__RelayController53
L__RelayController54:
0x0232	0x0870      	MOVF       R0, 0
0x0233	0x0688      	XORWF      PORTD, 1
;Dual_Control_Home_Automation.c,82 :: 		Delay_ms(250);
0x0234	0x3007      	MOVLW      7
0x0235	0x00FB      	MOVWF      R11
0x0236	0x3058      	MOVLW      88
0x0237	0x00FC      	MOVWF      R12
0x0238	0x3059      	MOVLW      89
0x0239	0x00FD      	MOVWF      R13
L_RelayController32:
0x023A	0x0BFD      	DECFSZ     R13, 1
0x023B	0x2A3A      	GOTO       L_RelayController32
0x023C	0x0BFC      	DECFSZ     R12, 1
0x023D	0x2A3A      	GOTO       L_RelayController32
0x023E	0x0BFB      	DECFSZ     R11, 1
0x023F	0x2A3A      	GOTO       L_RelayController32
0x0240	0x0000      	NOP
0x0241	0x0000      	NOP
;Dual_Control_Home_Automation.c,83 :: 		}
L_RelayController29:
L_RelayController24:
;Dual_Control_Home_Automation.c,84 :: 		}
L_end_RelayController:
0x0242	0x0008      	RETURN
; end of _RelayController
_UART1_Read:
;__Lib_UART_c67.c,21 :: 		
;__Lib_UART_c67.c,24 :: 		
0x0243	0x1283      	BCF        STATUS, 5
0x0244	0x1303      	BCF        STATUS, 6
0x0245	0x081A      	MOVF       RCREG, 0
0x0246	0x00F1      	MOVWF      R1
;__Lib_UART_c67.c,25 :: 		
0x0247	0x1C98      	BTFSS      RCSTA, 1
0x0248	0x2A4B      	GOTO       L_UART1_Read2
;__Lib_UART_c67.c,26 :: 		
0x0249	0x1218      	BCF        RCSTA, 4
;__Lib_UART_c67.c,27 :: 		
0x024A	0x1618      	BSF        RCSTA, 4
;__Lib_UART_c67.c,28 :: 		
L_UART1_Read2:
;__Lib_UART_c67.c,29 :: 		
0x024B	0x0871      	MOVF       R1, 0
0x024C	0x00F0      	MOVWF      R0
;__Lib_UART_c67.c,30 :: 		
L_end_UART1_Read:
0x024D	0x0008      	RETURN
; end of _UART1_Read
_UART1_Data_Ready:
;__Lib_UART_c67.c,16 :: 		
;__Lib_UART_c67.c,17 :: 		
0x024E	0x3000      	MOVLW      0
0x024F	0x1283      	BCF        STATUS, 5
0x0250	0x1303      	BCF        STATUS, 6
0x0251	0x1A8C      	BTFSC      PIR1, 5
0x0252	0x3001      	MOVLW      1
0x0253	0x00F0      	MOVWF      R0
;__Lib_UART_c67.c,18 :: 		
L_end_UART1_Data_Ready:
0x0254	0x0008      	RETURN
; end of _UART1_Data_Ready
_Lcd_Init:
;__Lib_Lcd.c,84 :: 		
;__Lib_Lcd.c,86 :: 		
0x0255	0x1683      	BSF        STATUS, 5
0x0256	0x1303      	BCF        STATUS, 6
0x0257	0x1186      	BCF        LCD_EN_Direction, BitPos(LCD_EN_Direction+0)
;__Lib_Lcd.c,87 :: 		
0x0258	0x1106      	BCF        LCD_RS_Direction, BitPos(LCD_RS_Direction+0)
;__Lib_Lcd.c,88 :: 		
0x0259	0x1206      	BCF        LCD_D4_Direction, BitPos(LCD_D4_Direction+0)
;__Lib_Lcd.c,89 :: 		
0x025A	0x1286      	BCF        LCD_D5_Direction, BitPos(LCD_D5_Direction+0)
;__Lib_Lcd.c,90 :: 		
0x025B	0x1306      	BCF        LCD_D6_Direction, BitPos(LCD_D6_Direction+0)
;__Lib_Lcd.c,91 :: 		
0x025C	0x1386      	BCF        LCD_D7_Direction, BitPos(LCD_D7_Direction+0)
;__Lib_Lcd.c,93 :: 		
0x025D	0x1283      	BCF        STATUS, 5
0x025E	0x1186      	BCF        LCD_EN, BitPos(LCD_EN+0)
;__Lib_Lcd.c,94 :: 		
0x025F	0x1106      	BCF        LCD_RS, BitPos(LCD_RS+0)
;__Lib_Lcd.c,95 :: 		
0x0260	0x1386      	BCF        LCD_D7, BitPos(LCD_D7+0)
;__Lib_Lcd.c,96 :: 		
0x0261	0x1306      	BCF        LCD_D6, BitPos(LCD_D6+0)
;__Lib_Lcd.c,97 :: 		
0x0262	0x1286      	BCF        LCD_D5, BitPos(LCD_D5+0)
;__Lib_Lcd.c,98 :: 		
0x0263	0x1206      	BCF        LCD_D4, BitPos(LCD_D4+0)
;__Lib_Lcd.c,100 :: 		
0x0264	0x200A      	CALL       _Delay_5500us
;__Lib_Lcd.c,101 :: 		
0x0265	0x200A      	CALL       _Delay_5500us
;__Lib_Lcd.c,102 :: 		
0x0266	0x200A      	CALL       _Delay_5500us
;__Lib_Lcd.c,105 :: 		
0x0267	0x1686      	BSF        LCD_D5, BitPos(LCD_D5+0)
;__Lib_Lcd.c,106 :: 		
0x0268	0x1606      	BSF        LCD_D4, BitPos(LCD_D4+0)
;__Lib_Lcd.c,107 :: 		
0x0269	0x1586      	BSF        LCD_EN, BitPos(LCD_EN+0)
;__Lib_Lcd.c,108 :: 		
0x026A	0x2017      	CALL       _Delay_1us
;__Lib_Lcd.c,109 :: 		
0x026B	0x1186      	BCF        LCD_EN, BitPos(LCD_EN+0)
;__Lib_Lcd.c,110 :: 		
0x026C	0x200A      	CALL       _Delay_5500us
;__Lib_Lcd.c,112 :: 		
0x026D	0x1586      	BSF        LCD_EN, BitPos(LCD_EN+0)
;__Lib_Lcd.c,113 :: 		
0x026E	0x2017      	CALL       _Delay_1us
;__Lib_Lcd.c,114 :: 		
0x026F	0x1186      	BCF        LCD_EN, BitPos(LCD_EN+0)
;__Lib_Lcd.c,115 :: 		
0x0270	0x200A      	CALL       _Delay_5500us
;__Lib_Lcd.c,117 :: 		
0x0271	0x1586      	BSF        LCD_EN, BitPos(LCD_EN+0)
;__Lib_Lcd.c,118 :: 		
0x0272	0x2017      	CALL       _Delay_1us
;__Lib_Lcd.c,119 :: 		
0x0273	0x1186      	BCF        LCD_EN, BitPos(LCD_EN+0)
;__Lib_Lcd.c,120 :: 		
0x0274	0x200A      	CALL       _Delay_5500us
;__Lib_Lcd.c,123 :: 		
0x0275	0x1206      	BCF        LCD_D4, BitPos(LCD_D4+0)
;__Lib_Lcd.c,124 :: 		
0x0276	0x1586      	BSF        LCD_EN, BitPos(LCD_EN+0)
;__Lib_Lcd.c,125 :: 		
0x0277	0x2017      	CALL       _Delay_1us
;__Lib_Lcd.c,126 :: 		
0x0278	0x1186      	BCF        LCD_EN, BitPos(LCD_EN+0)
;__Lib_Lcd.c,127 :: 		
0x0279	0x200A      	CALL       _Delay_5500us
;__Lib_Lcd.c,130 :: 		
0x027A	0x1586      	BSF        LCD_EN, BitPos(LCD_EN+0)
;__Lib_Lcd.c,131 :: 		
0x027B	0x2017      	CALL       _Delay_1us
;__Lib_Lcd.c,132 :: 		
0x027C	0x1186      	BCF        LCD_EN, BitPos(LCD_EN+0)
;__Lib_Lcd.c,134 :: 		
0x027D	0x1286      	BCF        LCD_D5, BitPos(LCD_D5+0)
;__Lib_Lcd.c,135 :: 		
0x027E	0x1786      	BSF        LCD_D7, BitPos(LCD_D7+0)
;__Lib_Lcd.c,136 :: 		
0x027F	0x1586      	BSF        LCD_EN, BitPos(LCD_EN+0)
;__Lib_Lcd.c,137 :: 		
0x0280	0x2017      	CALL       _Delay_1us
;__Lib_Lcd.c,138 :: 		
0x0281	0x1186      	BCF        LCD_EN, BitPos(LCD_EN+0)
;__Lib_Lcd.c,139 :: 		
0x0282	0x200A      	CALL       _Delay_5500us
;__Lib_Lcd.c,142 :: 		
0x0283	0x1386      	BCF        LCD_D7, BitPos(LCD_D7+0)
;__Lib_Lcd.c,143 :: 		
0x0284	0x1606      	BSF        LCD_D4, BitPos(LCD_D4+0)
;__Lib_Lcd.c,144 :: 		
0x0285	0x1586      	BSF        LCD_EN, BitPos(LCD_EN+0)
;__Lib_Lcd.c,145 :: 		
0x0286	0x2017      	CALL       _Delay_1us
;__Lib_Lcd.c,146 :: 		
0x0287	0x1186      	BCF        LCD_EN, BitPos(LCD_EN+0)
;__Lib_Lcd.c,148 :: 		
0x0288	0x1206      	BCF        LCD_D4, BitPos(LCD_D4+0)
;__Lib_Lcd.c,149 :: 		
0x0289	0x1586      	BSF        LCD_EN, BitPos(LCD_EN+0)
;__Lib_Lcd.c,150 :: 		
0x028A	0x2017      	CALL       _Delay_1us
;__Lib_Lcd.c,151 :: 		
0x028B	0x1186      	BCF        LCD_EN, BitPos(LCD_EN+0)
;__Lib_Lcd.c,152 :: 		
0x028C	0x200A      	CALL       _Delay_5500us
;__Lib_Lcd.c,155 :: 		
0x028D	0x1586      	BSF        LCD_EN, BitPos(LCD_EN+0)
;__Lib_Lcd.c,156 :: 		
0x028E	0x2017      	CALL       _Delay_1us
;__Lib_Lcd.c,157 :: 		
0x028F	0x1186      	BCF        LCD_EN, BitPos(LCD_EN+0)
;__Lib_Lcd.c,159 :: 		
0x0290	0x1606      	BSF        LCD_D4, BitPos(LCD_D4+0)
;__Lib_Lcd.c,160 :: 		
0x0291	0x1586      	BSF        LCD_EN, BitPos(LCD_EN+0)
;__Lib_Lcd.c,161 :: 		
0x0292	0x2017      	CALL       _Delay_1us
;__Lib_Lcd.c,162 :: 		
0x0293	0x1186      	BCF        LCD_EN, BitPos(LCD_EN+0)
;__Lib_Lcd.c,163 :: 		
0x0294	0x200A      	CALL       _Delay_5500us
;__Lib_Lcd.c,166 :: 		
0x0295	0x1206      	BCF        LCD_D4, BitPos(LCD_D4+0)
;__Lib_Lcd.c,167 :: 		
0x0296	0x1586      	BSF        LCD_EN, BitPos(LCD_EN+0)
;__Lib_Lcd.c,168 :: 		
0x0297	0x2017      	CALL       _Delay_1us
;__Lib_Lcd.c,169 :: 		
0x0298	0x1186      	BCF        LCD_EN, BitPos(LCD_EN+0)
;__Lib_Lcd.c,171 :: 		
0x0299	0x1786      	BSF        LCD_D7, BitPos(LCD_D7+0)
;__Lib_Lcd.c,172 :: 		
0x029A	0x1706      	BSF        LCD_D6, BitPos(LCD_D6+0)
;__Lib_Lcd.c,173 :: 		
0x029B	0x1686      	BSF        LCD_D5, BitPos(LCD_D5+0)
;__Lib_Lcd.c,174 :: 		
0x029C	0x1606      	BSF        LCD_D4, BitPos(LCD_D4+0)
;__Lib_Lcd.c,175 :: 		
0x029D	0x1586      	BSF        LCD_EN, BitPos(LCD_EN+0)
;__Lib_Lcd.c,176 :: 		
0x029E	0x2017      	CALL       _Delay_1us
;__Lib_Lcd.c,177 :: 		
0x029F	0x1186      	BCF        LCD_EN, BitPos(LCD_EN+0)
;__Lib_Lcd.c,179 :: 		
0x02A0	0x200A      	CALL       _Delay_5500us
;__Lib_Lcd.c,181 :: 		
0x02A1	0x1428      	BSF        __Lib_Lcd_cmd_status, BitPos(__Lib_Lcd_cmd_status+0)
;__Lib_Lcd.c,182 :: 		
L_end_Lcd_Init:
0x02A2	0x0008      	RETURN
; end of _Lcd_Init
_PWM1_Init:
;__Lib_PWM_c21.c,32 :: 		
;__Lib_PWM_c21.c,33 :: 		
;__Lib_PWM_c21.c,34 :: 		
0x02A3	0x1283      	BCF        STATUS, 5
0x02A4	0x1303      	BCF        STATUS, 6
0x02A5	0x0195      	CLRF       CCPR1L
;__Lib_PWM_c21.c,35 :: 		
0x02A6	0x1217      	BCF        CCP1CON, 4
;__Lib_PWM_c21.c,36 :: 		
0x02A7	0x1297      	BCF        CCP1CON, 5
;__Lib_PWM_c21.c,37 :: 		
L_end_PWM1_Init:
0x02A8	0x0008      	RETURN
; end of _PWM1_Init
_PWM1_Start:
;__Lib_PWM_c21.c,50 :: 		
;__Lib_PWM_c21.c,51 :: 		
0x02A9	0x1683      	BSF        STATUS, 5
0x02AA	0x1303      	BCF        STATUS, 6
0x02AB	0x1107      	BCF        TRISC2_bit, BitPos(TRISC2_bit+0)
;__Lib_PWM_c21.c,52 :: 		
0x02AC	0x1283      	BCF        STATUS, 5
0x02AD	0x1512      	BSF        T2CON, 2
;__Lib_PWM_c21.c,53 :: 		
0x02AE	0x300C      	MOVLW      12
0x02AF	0x0497      	IORWF      CCP1CON, 1
;__Lib_PWM_c21.c,54 :: 		
L_end_PWM1_Start:
0x02B0	0x0008      	RETURN
; end of _PWM1_Start
_UART1_Init:
;__Lib_UART_c67.c,2 :: 		
;__Lib_UART_c67.c,5 :: 		
0x02B1	0x1683      	BSF        STATUS, 5
0x02B2	0x1303      	BCF        STATUS, 6
0x02B3	0x1698      	BSF        TXSTA, 5
;__Lib_UART_c67.c,6 :: 		
0x02B4	0x3090      	MOVLW      144
0x02B5	0x1283      	BCF        STATUS, 5
0x02B6	0x0098      	MOVWF      RCSTA
;__Lib_UART_c67.c,7 :: 		
0x02B7	0x1683      	BSF        STATUS, 5
0x02B8	0x1787      	BSF        TRISC7_bit, BitPos(TRISC7_bit+0)
;__Lib_UART_c67.c,8 :: 		
0x02B9	0x1307      	BCF        TRISC6_bit, BitPos(TRISC6_bit+0)
;__Lib_UART_c67.c,10 :: 		
L_UART1_Init0:
0x02BA	0x1283      	BCF        STATUS, 5
0x02BB	0x1E8C      	BTFSS      PIR1, 5
0x02BC	0x2AC0      	GOTO       L_UART1_Init1
;__Lib_UART_c67.c,11 :: 		
0x02BD	0x081A      	MOVF       RCREG, 0
0x02BE	0x00F0      	MOVWF      R0
0x02BF	0x2ABA      	GOTO       L_UART1_Init0
L_UART1_Init1:
;__Lib_UART_c67.c,12 :: 		
L_end_UART1_Init:
0x02C0	0x0008      	RETURN
; end of _UART1_Init
___CC2DW:
;__Lib_System.c,134 :: 		
;__Lib_System.c,137 :: 		
_CC2D_Loop1:
;__Lib_System.c,139 :: 		
0x02C1	0x213A      	CALL       _____DoICP
0x02C2	0x118A      	BCF        PCLATH, 3
0x02C3	0x120A      	BCF        PCLATH, 4
;__Lib_System.c,141 :: 		
0x02C4	0x0080      	MOVWF      INDF
;__Lib_System.c,142 :: 		
0x02C5	0x0A84      	INCF       FSR, 1
;__Lib_System.c,143 :: 		
0x02C6	0x0AA9      	INCF       ___DoICPAddr, 1
;__Lib_System.c,145 :: 		
0x02C7	0x1903      	BTFSC      STATUS, 2
;__Lib_System.c,146 :: 		
0x02C8	0x0AAA      	INCF       ___DoICPAddr+1, 1
;__Lib_System.c,147 :: 		
0x02C9	0x03F0      	DECF       R0, 1
;__Lib_System.c,149 :: 		
0x02CA	0x1D03      	BTFSS      STATUS, 2
;__Lib_System.c,150 :: 		
0x02CB	0x2AC1      	GOTO       _CC2D_Loop1
;__Lib_System.c,152 :: 		
L_end___CC2DW:
0x02CC	0x0008      	RETURN
; end of ___CC2DW
_main:
0x02CD	0x3031      	MOVLW      49
0x02CE	0x1283      	BCF        STATUS, 5
0x02CF	0x1303      	BCF        STATUS, 6
0x02D0	0x00A0      	MOVWF      ?lstr3_Dual_Control_Home_Automation
0x02D1	0x01A1      	CLRF       33
0x02D2	0x3030      	MOVLW      48
0x02D3	0x00A2      	MOVWF      ?lstr4_Dual_Control_Home_Automation
0x02D4	0x01A3      	CLRF       35
0x02D5	0x3031      	MOVLW      49
0x02D6	0x00A4      	MOVWF      ?lstr1_Dual_Control_Home_Automation
0x02D7	0x01A5      	CLRF       37
0x02D8	0x3030      	MOVLW      48
0x02D9	0x00A6      	MOVWF      ?lstr2_Dual_Control_Home_Automation
0x02DA	0x01A7      	CLRF       39
;Dual_Control_Home_Automation.c,16 :: 		void main()
;Dual_Control_Home_Automation.c,19 :: 		int isFromSerial = 0;
0x02DB	0x01AE      	CLRF       main_isFromSerial_L0
0x02DC	0x01AF      	CLRF       main_isFromSerial_L0+1
0x02DD	0x304F      	MOVLW      79
0x02DE	0x00B0      	MOVWF      main_OutletIndicator_L0
0x02DF	0x3055      	MOVLW      85
0x02E0	0x00B1      	MOVWF      main_OutletIndicator_L0+1
0x02E1	0x3054      	MOVLW      84
0x02E2	0x00B2      	MOVWF      main_OutletIndicator_L0+2
0x02E3	0x304C      	MOVLW      76
0x02E4	0x00B3      	MOVWF      main_OutletIndicator_L0+3
0x02E5	0x3045      	MOVLW      69
0x02E6	0x00B4      	MOVWF      main_OutletIndicator_L0+4
0x02E7	0x3054      	MOVLW      84
0x02E8	0x00B5      	MOVWF      main_OutletIndicator_L0+5
0x02E9	0x3058      	MOVLW      88
0x02EA	0x00B6      	MOVWF      main_OutletIndicator_L0+6
0x02EB	0x303A      	MOVLW      58
0x02EC	0x00B7      	MOVWF      main_OutletIndicator_L0+7
0x02ED	0x3030      	MOVLW      48
0x02EE	0x00B8      	MOVWF      main_OutletIndicator_L0+8
0x02EF	0x01B9      	CLRF       main_OutletIndicator_L0+9
0x02F0	0x01BA      	CLRF       main_OutletStatusVal_L0
0x02F1	0x01BB      	CLRF       main_OutletStatusVal_L0+1
0x02F2	0x01BC      	CLRF       main_OutletStatusVal_L0+2
0x02F3	0x01BD      	CLRF       main_OutletStatusVal_L0+3
0x02F4	0x01BE      	CLRF       main_OutletStatusVal_L0+4
0x02F5	0x01BF      	CLRF       main_OutletStatusVal_L0+5
0x02F6	0x01C0      	CLRF       main_OutletStatusVal_L0+6
0x02F7	0x01C1      	CLRF       main_OutletStatusVal_L0+7
0x02F8	0x01C2      	CLRF       main_OutletStatusVal_L0+8
0x02F9	0x01C3      	CLRF       main_OutletStatusVal_L0+9
0x02FA	0x01C4      	CLRF       main_OutletStatusVal_L0+10
0x02FB	0x01C5      	CLRF       main_OutletStatusVal_L0+11
0x02FC	0x01C6      	CLRF       main_OutletStatusVal_L0+12
0x02FD	0x01C7      	CLRF       main_OutletStatusVal_L0+13
0x02FE	0x01C8      	CLRF       main_OutletStatusVal_L0+14
0x02FF	0x01C9      	CLRF       main_OutletStatusVal_L0+15
0x0300	0x01CA      	CLRF       main_OutletStatusVal_L0+16
0x0301	0x01CB      	CLRF       main_OutletStatusVal_L0+17
0x0302	0x01CC      	CLRF       main_OutletStatusVal_L0+18
0x0303	0x01CD      	CLRF       main_OutletStatusVal_L0+19
;Dual_Control_Home_Automation.c,22 :: 		ADCON1 = 0x07; // All AtoD pins on PORTA to digital
0x0304	0x3007      	MOVLW      7
0x0305	0x1683      	BSF        STATUS, 5
0x0306	0x009F      	MOVWF      ADCON1
;Dual_Control_Home_Automation.c,23 :: 		CMCON = 0x07; // Disable Comparators
0x0307	0x3007      	MOVLW      7
0x0308	0x009C      	MOVWF      CMCON
;Dual_Control_Home_Automation.c,25 :: 		TRISA = 0x6F;
0x0309	0x306F      	MOVLW      111
0x030A	0x0085      	MOVWF      TRISA
;Dual_Control_Home_Automation.c,26 :: 		TRISE = 0x07;
0x030B	0x3007      	MOVLW      7
0x030C	0x0089      	MOVWF      TRISE
;Dual_Control_Home_Automation.c,27 :: 		TRISD = 0x00;
0x030D	0x0188      	CLRF       TRISD
;Dual_Control_Home_Automation.c,28 :: 		TRISC2_bit = 0;
0x030E	0x1107      	BCF        TRISC2_bit, BitPos(TRISC2_bit+0)
;Dual_Control_Home_Automation.c,29 :: 		PORTD = 0x00;
0x030F	0x1283      	BCF        STATUS, 5
0x0310	0x0188      	CLRF       PORTD
;Dual_Control_Home_Automation.c,31 :: 		PWM1_Init(5000);
0x0311	0x1412      	BSF        T2CON, 0
0x0312	0x1092      	BCF        T2CON, 1
0x0313	0x30F9      	MOVLW      249
0x0314	0x1683      	BSF        STATUS, 5
0x0315	0x0092      	MOVWF      PR2
0x0316	0x22A3      	CALL       _PWM1_Init
;Dual_Control_Home_Automation.c,32 :: 		PWM1_Start();
0x0317	0x22A9      	CALL       _PWM1_Start
;Dual_Control_Home_Automation.c,33 :: 		UART1_Init(9600);               // Initialize UART module at 9600 bps
0x0318	0x3081      	MOVLW      129
0x0319	0x1683      	BSF        STATUS, 5
0x031A	0x0099      	MOVWF      SPBRG
0x031B	0x1518      	BSF        TXSTA, 2
0x031C	0x22B1      	CALL       _UART1_Init
;Dual_Control_Home_Automation.c,34 :: 		Lcd_Init();// Initialize LCD
0x031D	0x2255      	CALL       _Lcd_Init
;Dual_Control_Home_Automation.c,35 :: 		Lcd_Cmd(_LCD_CLEAR);// Clear Display
0x031E	0x3001      	MOVLW      1
0x031F	0x00DC      	MOVWF      FARG_Lcd_Cmd_out_char
0x0320	0x201D      	CALL       _Lcd_Cmd
;Dual_Control_Home_Automation.c,36 :: 		Lcd_Cmd(_LCD_CURSOR_OFF); // Cursor Off
0x0321	0x300C      	MOVLW      12
0x0322	0x00DC      	MOVWF      FARG_Lcd_Cmd_out_char
0x0323	0x201D      	CALL       _Lcd_Cmd
;Dual_Control_Home_Automation.c,38 :: 		for(i = 0; i < 8; i++)
0x0324	0x01AC      	CLRF       main_i_L0
0x0325	0x01AD      	CLRF       main_i_L0+1
L_main0:
0x0326	0x3080      	MOVLW      128
0x0327	0x062D      	XORWF      main_i_L0+1, 0
0x0328	0x00F0      	MOVWF      R0
0x0329	0x3080      	MOVLW      128
0x032A	0x0270      	SUBWF      R0, 0
0x032B	0x1D03      	BTFSS      STATUS, 2
0x032C	0x2B2F      	GOTO       L__main39
0x032D	0x3008      	MOVLW      8
0x032E	0x022C      	SUBWF      main_i_L0, 0
L__main39:
0x032F	0x1803      	BTFSC      STATUS, 0
0x0330	0x2B5C      	GOTO       L_main1
;Dual_Control_Home_Automation.c,40 :: 		OutletIndicator[6] = 49 + i;
0x0331	0x082C      	MOVF       main_i_L0, 0
0x0332	0x3E31      	ADDLW      49
0x0333	0x00B6      	MOVWF      main_OutletIndicator_L0+6
;Dual_Control_Home_Automation.c,41 :: 		Lcd_Out(i%4 + 1, i > 3? 12: 1, OutletIndicator);
0x0334	0x3004      	MOVLW      4
0x0335	0x00F4      	MOVWF      R4
0x0336	0x3000      	MOVLW      0
0x0337	0x00F5      	MOVWF      R4+1
0x0338	0x082C      	MOVF       main_i_L0, 0
0x0339	0x00F0      	MOVWF      R0
0x033A	0x082D      	MOVF       main_i_L0+1, 0
0x033B	0x00F1      	MOVWF      R0+1
0x033C	0x20D1      	CALL       _Div_16x16_S
0x033D	0x0878      	MOVF       R8, 0
0x033E	0x00F0      	MOVWF      R0
0x033F	0x0879      	MOVF       R8+1, 0
0x0340	0x00F1      	MOVWF      R0+1
0x0341	0x0A70      	INCF       R0, 0
0x0342	0x00D7      	MOVWF      FARG_Lcd_Out_row
0x0343	0x3080      	MOVLW      128
0x0344	0x00F0      	MOVWF      R0
0x0345	0x3080      	MOVLW      128
0x0346	0x062D      	XORWF      main_i_L0+1, 0
0x0347	0x0270      	SUBWF      R0, 0
0x0348	0x1D03      	BTFSS      STATUS, 2
0x0349	0x2B4C      	GOTO       L__main40
0x034A	0x082C      	MOVF       main_i_L0, 0
0x034B	0x3C03      	SUBLW      3
L__main40:
0x034C	0x1803      	BTFSC      STATUS, 0
0x034D	0x2B51      	GOTO       L_main3
0x034E	0x300C      	MOVLW      12
0x034F	0x00AB      	MOVWF      ?FLOC___mainT7
0x0350	0x2B53      	GOTO       L_main4
L_main3:
0x0351	0x3001      	MOVLW      1
0x0352	0x00AB      	MOVWF      ?FLOC___mainT7
L_main4:
0x0353	0x082B      	MOVF       ?FLOC___mainT7, 0
0x0354	0x00D8      	MOVWF      FARG_Lcd_Out_column
0x0355	0x3030      	MOVLW      main_OutletIndicator_L0
0x0356	0x00D9      	MOVWF      FARG_Lcd_Out_text
0x0357	0x2091      	CALL       _Lcd_Out
;Dual_Control_Home_Automation.c,38 :: 		for(i = 0; i < 8; i++)
0x0358	0x0AAC      	INCF       main_i_L0, 1
0x0359	0x1903      	BTFSC      STATUS, 2
0x035A	0x0AAD      	INCF       main_i_L0+1, 1
;Dual_Control_Home_Automation.c,42 :: 		}
0x035B	0x2B26      	GOTO       L_main0
L_main1:
;Dual_Control_Home_Automation.c,44 :: 		while(1)
L_main5:
;Dual_Control_Home_Automation.c,46 :: 		if(UART1_Data_Ready())
0x035C	0x224E      	CALL       _UART1_Data_Ready
0x035D	0x0870      	MOVF       R0, 0
0x035E	0x1903      	BTFSC      STATUS, 2
0x035F	0x2B88      	GOTO       L_main7
;Dual_Control_Home_Automation.c,48 :: 		i = UART1_Read() - 48;
0x0360	0x2243      	CALL       _UART1_Read
0x0361	0x3030      	MOVLW      48
0x0362	0x0270      	SUBWF      R0, 0
0x0363	0x00F1      	MOVWF      R1
0x0364	0x01F2      	CLRF       R1+1
0x0365	0x1C03      	BTFSS      STATUS, 0
0x0366	0x03F2      	DECF       R1+1, 1
0x0367	0x0871      	MOVF       R1, 0
0x0368	0x00AC      	MOVWF      main_i_L0
0x0369	0x0872      	MOVF       R1+1, 0
0x036A	0x00AD      	MOVWF      main_i_L0+1
;Dual_Control_Home_Automation.c,49 :: 		if(i < 8 && i > -1)
0x036B	0x3080      	MOVLW      128
0x036C	0x0672      	XORWF      R1+1, 0
0x036D	0x00F0      	MOVWF      R0
0x036E	0x3080      	MOVLW      128
0x036F	0x0270      	SUBWF      R0, 0
0x0370	0x1D03      	BTFSS      STATUS, 2
0x0371	0x2B74      	GOTO       L__main41
0x0372	0x3008      	MOVLW      8
0x0373	0x0271      	SUBWF      R1, 0
L__main41:
0x0374	0x1803      	BTFSC      STATUS, 0
0x0375	0x2B86      	GOTO       L_main10
0x0376	0x307F      	MOVLW      127
0x0377	0x00F0      	MOVWF      R0
0x0378	0x3080      	MOVLW      128
0x0379	0x062D      	XORWF      main_i_L0+1, 0
0x037A	0x0270      	SUBWF      R0, 0
0x037B	0x1D03      	BTFSS      STATUS, 2
0x037C	0x2B7F      	GOTO       L__main42
0x037D	0x082C      	MOVF       main_i_L0, 0
0x037E	0x3CFF      	SUBLW      255
L__main42:
0x037F	0x1803      	BTFSC      STATUS, 0
0x0380	0x2B86      	GOTO       L_main10
L__main33:
;Dual_Control_Home_Automation.c,50 :: 		isFromSerial = 1;
0x0381	0x3001      	MOVLW      1
0x0382	0x00AE      	MOVWF      main_isFromSerial_L0
0x0383	0x3000      	MOVLW      0
0x0384	0x00AF      	MOVWF      main_isFromSerial_L0+1
0x0385	0x2B88      	GOTO       L_main11
L_main10:
;Dual_Control_Home_Automation.c,52 :: 		i = 0;
0x0386	0x01AC      	CLRF       main_i_L0
0x0387	0x01AD      	CLRF       main_i_L0+1
L_main11:
;Dual_Control_Home_Automation.c,53 :: 		}
L_main7:
;Dual_Control_Home_Automation.c,54 :: 		RelayController(i, OutletStatusVal, isFromSerial);
0x0388	0x082C      	MOVF       main_i_L0, 0
0x0389	0x00CE      	MOVWF      FARG_RelayController_pinIndex
0x038A	0x082D      	MOVF       main_i_L0+1, 0
0x038B	0x00CF      	MOVWF      FARG_RelayController_pinIndex+1
0x038C	0x303A      	MOVLW      main_OutletStatusVal_L0
0x038D	0x00D0      	MOVWF      FARG_RelayController_OutletStatus
0x038E	0x082E      	MOVF       main_isFromSerial_L0, 0
0x038F	0x00D1      	MOVWF      FARG_RelayController_isFromSerial
0x0390	0x082F      	MOVF       main_isFromSerial_L0+1, 0
0x0391	0x00D2      	MOVWF      FARG_RelayController_isFromSerial+1
0x0392	0x2141      	CALL       _RelayController
;Dual_Control_Home_Automation.c,55 :: 		if(isFromSerial)
0x0393	0x082E      	MOVF       main_isFromSerial_L0, 0
0x0394	0x042F      	IORWF      main_isFromSerial_L0+1, 0
0x0395	0x1903      	BTFSC      STATUS, 2
0x0396	0x2B9C      	GOTO       L_main12
;Dual_Control_Home_Automation.c,57 :: 		i = 0;
0x0397	0x01AC      	CLRF       main_i_L0
0x0398	0x01AD      	CLRF       main_i_L0+1
;Dual_Control_Home_Automation.c,58 :: 		isFromSerial = 0;
0x0399	0x01AE      	CLRF       main_isFromSerial_L0
0x039A	0x01AF      	CLRF       main_isFromSerial_L0+1
;Dual_Control_Home_Automation.c,59 :: 		}
0x039B	0x2BB1      	GOTO       L_main13
L_main12:
;Dual_Control_Home_Automation.c,62 :: 		i = (i + 1) % 8;
0x039C	0x082C      	MOVF       main_i_L0, 0
0x039D	0x3E01      	ADDLW      1
0x039E	0x00F0      	MOVWF      R0
0x039F	0x3000      	MOVLW      0
0x03A0	0x1803      	BTFSC      STATUS, 0
0x03A1	0x3E01      	ADDLW      1
0x03A2	0x072D      	ADDWF      main_i_L0+1, 0
0x03A3	0x00F1      	MOVWF      R0+1
0x03A4	0x3008      	MOVLW      8
0x03A5	0x00F4      	MOVWF      R4
0x03A6	0x3000      	MOVLW      0
0x03A7	0x00F5      	MOVWF      R4+1
0x03A8	0x20D1      	CALL       _Div_16x16_S
0x03A9	0x0878      	MOVF       R8, 0
0x03AA	0x00F0      	MOVWF      R0
0x03AB	0x0879      	MOVF       R8+1, 0
0x03AC	0x00F1      	MOVWF      R0+1
0x03AD	0x0870      	MOVF       R0, 0
0x03AE	0x00AC      	MOVWF      main_i_L0
0x03AF	0x0871      	MOVF       R0+1, 0
0x03B0	0x00AD      	MOVWF      main_i_L0+1
;Dual_Control_Home_Automation.c,63 :: 		}
L_main13:
;Dual_Control_Home_Automation.c,64 :: 		}
0x03B1	0x2B5C      	GOTO       L_main5
;Dual_Control_Home_Automation.c,66 :: 		}
L_end_main:
0x03B2	0x2BB2      	GOTO       $+0
; end of _main
Symbol List:
//** Routines locations **
//ADDRESS    SIZE    PROCEDURE
//----------------------------------------------
0x0003       [7]    _Delay_50us
0x000A      [13]    _Delay_5500us
0x0017       [6]    _Delay_1us
0x001D      [64]    _Lcd_Cmd
0x005D       [8]    _Lcd_Chr_CP
0x0065      [44]    _Div_16x16_S_L
0x0091      [64]    _Lcd_Out
0x00D1     [105]    _Div_16x16_S
0x013A       [7]    _____DoICP
0x0141     [258]    _RelayController
0x0243      [11]    _UART1_Read
0x024E       [7]    _UART1_Data_Ready
0x0255      [78]    _Lcd_Init
0x02A3       [6]    _PWM1_Init
0x02A9       [8]    _PWM1_Start
0x02B1      [16]    _UART1_Init
0x02C1      [12]    ___CC2DW
0x02CD     [230]    _main
//** Variables locations ** 
//ADDRESS    SIZE    VARIABLE
//----------------------------------------------
0x0000       [1]    INDF
0x0002       [1]    PCL
0x0003       [1]    STATUS
0x0004       [1]    FSR
0x0005       [1]    PORTA
0x0006       [0]    RB4_bit
0x0006       [0]    RB5_bit
0x0006       [0]    RB6_bit
0x0006       [0]    RB3_bit
0x0006       [0]    RB2_bit
0x0006       [0]    RB7_bit
0x0006       [0]    LCD_D5
0x0006       [0]    LCD_D4
0x0006       [0]    LCD_D6
0x0006       [0]    LCD_RS
0x0006       [0]    LCD_EN
0x0006       [0]    LCD_D7
0x0008       [1]    PORTD
0x0009       [1]    PORTE
0x000A       [1]    PCLATH
0x000C       [1]    PIR1
0x0012       [1]    T2CON
0x0015       [1]    CCPR1L
0x0017       [1]    CCP1CON
0x0018       [1]    RCSTA
0x001A       [1]    RCREG
0x0020       [2]    ?lstr3_Dual_Control_Home_Automation
0x0022       [2]    ?lstr4_Dual_Control_Home_Automation
0x0024       [2]    ?lstr1_Dual_Control_Home_Automation
0x0026       [2]    ?lstr2_Dual_Control_Home_Automation
0x0028       [0]    __Lib_Lcd_cmd_status
0x0029       [2]    ___DoICPAddr
0x002B       [1]    ?FLOC___mainT7
0x002C       [2]    main_i_L0
0x002E       [2]    main_isFromSerial_L0
0x0030      [10]    main_OutletIndicator_L0
0x003A      [20]    main_OutletStatusVal_L0
0x004E       [2]    FARG_RelayController_pinIndex
0x004E       [4]    FARG_PWM1_Init_PWM_Freq
0x0050       [1]    FARG_RelayController_OutletStatus
0x0051       [2]    FARG_RelayController_isFromSerial
0x0053       [1]    ?FLOC___RelayControllerT24
0x0054       [1]    ?FLOC___RelayControllerT31
0x0055       [1]    ?FLOC___RelayControllerT55
0x0056       [1]    FLOC__RelayController
0x0057       [1]    FARG_Lcd_Out_row
0x0058       [1]    FARG_Lcd_Out_column
0x0059       [1]    FARG_Lcd_Out_text
0x005A       [1]    Lcd_Out_i_L0
0x005B       [1]    FARG_Lcd_Chr_CP_out_char
0x005C       [1]    FARG_Lcd_Cmd_out_char
0x0070       [1]    R0
0x0071       [1]    R1
0x0072       [1]    R2
0x0073       [1]    R3
0x0074       [1]    R4
0x0075       [1]    R5
0x0076       [1]    R6
0x0077       [1]    R7
0x0078       [1]    R8
0x0079       [1]    R9
0x007A       [1]    R10
0x007B       [1]    R11
0x007C       [1]    R12
0x007D       [1]    R13
0x007E       [1]    R14
0x007F       [1]    R15
0x0085       [1]    TRISA
0x0086       [0]    TRISB5_bit
0x0086       [0]    TRISB4_bit
0x0086       [0]    TRISB6_bit
0x0086       [0]    TRISB3_bit
0x0086       [0]    TRISB2_bit
0x0086       [0]    LCD_D6_Direction
0x0086       [0]    LCD_D7_Direction
0x0086       [0]    LCD_D4_Direction
0x0086       [0]    LCD_D5_Direction
0x0086       [0]    TRISB7_bit
0x0086       [0]    LCD_RS_Direction
0x0086       [0]    LCD_EN_Direction
0x0087       [0]    TRISC6_bit
0x0087       [0]    TRISC2_bit
0x0087       [0]    TRISC7_bit
0x0088       [1]    TRISD
0x0089       [1]    TRISE
0x0092       [1]    PR2
0x0098       [1]    TXSTA
0x0099       [1]    SPBRG
0x009C       [1]    CMCON
0x009F       [1]    ADCON1
